<?xml version="1.0" encoding="utf-8"?><testsuites><testsuite errors="0" failures="0" hostname="johannes" name="pytest" skipped="0" tests="24" time="10.736" timestamp="2022-01-30T19:42:11.897933"><testcase classname="tests.test_basic_parts" name="test_pipe_with_pump[True-theta_init0-10.0-0.0-expected0]" time="0.691" /><testcase classname="tests.test_basic_parts" name="test_pipe_with_pump[True-theta_init1-50.0-0.2-expected1]" time="0.069" /><testcase classname="tests.test_sim_init" name="test_initsim[True]" time="0.012" /><testcase classname="tests.test_sim_init" name="test_initsim[False]" time="0.012" /><testcase classname="tests.test_sim_init" name="test_timeframe[True-0.1-True-1.0-1e-12-1.0-1e-08-1e-08-1.01-1e-05]" time="0.013" /><testcase classname="tests.test_sim_init" name="test_timeframe[True-1000-True-1.0-1-100-0.99-0.99-100-0.99]" time="0.002" /><testcase classname="tests.test_sim_init" name="test_timeframe[True-1000.0-False-1.0-1.0-1.0-1e-05-1e-05-10.0-0.001]" time="0.002" /><testcase classname="tests.test_sim_init" name="test_timeframe[True-12345.0-True-1.0-0.001-10-0.001-0.001-10-0.01]" time="0.001" /><testcase classname="tests.test_sim_init" name="test_diskaving[True-True-1.0-simmi-2020-01-01-True-1s-True-False-9-zlib]" time="1.334" /><testcase classname="tests.test_sim_init" name="test_diskaving[True-True-1000-None-2020-01-01-True-100s-False-True-0-gzip]" time="0.007" /><testcase classname="tests.test_sim_init" name="test_diskaving[True-True-100-25.0-1970-True-25-True-False-9-zlib]" time="0.006" /><testcase classname="tests.test_sim_init" name="test_diskaving[True-False-10000-simmi-2020-01-01-True-1s-True-False-9-zlib]" time="0.002" /><testcase classname="tests.test_sim_init" name="test_setsolver[True-heun-True]" time="0.001" /><testcase classname="tests.test_sim_init" name="test_setsolver[True-heun-False]" time="0.001" /><testcase classname="tests.test_sim_init" name="test_timeframe[False-0.1-True-1.0-1e-12-1.0-1e-08-1e-08-1.01-1e-05]" time="0.013" /><testcase classname="tests.test_sim_init" name="test_timeframe[False-1000-True-1.0-1-100-0.99-0.99-100-0.99]" time="0.001" /><testcase classname="tests.test_sim_init" name="test_timeframe[False-1000.0-False-1.0-1.0-1.0-1e-05-1e-05-10.0-0.001]" time="0.002" /><testcase classname="tests.test_sim_init" name="test_timeframe[False-12345.0-True-1.0-0.001-10-0.001-0.001-10-0.01]" time="0.001" /><testcase classname="tests.test_sim_init" name="test_diskaving[False-True-1.0-simmi-2020-01-01-True-1s-True-False-9-zlib]" time="0.031" /><testcase classname="tests.test_sim_init" name="test_diskaving[False-True-1000-None-2020-01-01-True-100s-False-True-0-gzip]" time="0.014" /><testcase classname="tests.test_sim_init" name="test_diskaving[False-True-100-25.0-1970-True-25-True-False-9-zlib]" time="0.007" /><testcase classname="tests.test_sim_init" name="test_diskaving[False-False-10000-simmi-2020-01-01-True-1s-True-False-9-zlib]" time="0.002" /><testcase classname="tests.test_sim_init" name="test_setsolver[False-heun-True]" time="0.001" /><testcase classname="tests.test_sim_init" name="test_setsolver[False-heun-False]" time="0.001" /></testsuite></testsuites>